Build started at 2023-05-23T21:39:52.180270
Main binary: /usr/bin/python3
Build Options: 
Python system: Linux
The Meson build system
Version: 0.53.2
Source dir: /mnt/e/OS2023-Practices/practice-3/filesystem/fuse-3.14.1
Build dir: /mnt/e/OS2023-Practices/practice-3/filesystem/fuse-3.14.1/build
Build type: native build
Project name: libfuse3
Project version: 3.14.1
No CFLAGS in the environment, not changing global flags.
No LDFLAGS in the environment, not changing global flags.
No CPPFLAGS in the environment, not changing global flags.
Sanity testing C compiler: cc
Is cross compiler: False.
Sanity check compiler command line: cc /mnt/e/OS2023-Practices/practice-3/filesystem/fuse-3.14.1/build/meson-private/sanitycheckc.c -o /mnt/e/OS2023-Practices/practice-3/filesystem/fuse-3.14.1/build/meson-private/sanitycheckc.exe -pipe -D_FILE_OFFSET_BITS=64
Sanity check compile stdout:

-----
Sanity check compile stderr:

-----
Running test binary command: /mnt/e/OS2023-Practices/practice-3/filesystem/fuse-3.14.1/build/meson-private/sanitycheckc.exe
C compiler for the build machine: cc (gcc 9.4.0 "cc (Ubuntu 9.4.0-1ubuntu1~20.04.1) 9.4.0")
C linker for the build machine: cc ld.bfd 2.34
No CFLAGS in the environment, not changing global flags.
No LDFLAGS in the environment, not changing global flags.
No CPPFLAGS in the environment, not changing global flags.
Sanity testing C compiler: cc
Is cross compiler: False.
Sanity check compiler command line: cc /mnt/e/OS2023-Practices/practice-3/filesystem/fuse-3.14.1/build/meson-private/sanitycheckc.c -o /mnt/e/OS2023-Practices/practice-3/filesystem/fuse-3.14.1/build/meson-private/sanitycheckc.exe -pipe -D_FILE_OFFSET_BITS=64
Sanity check compile stdout:

-----
Sanity check compile stderr:

-----
Running test binary command: /mnt/e/OS2023-Practices/practice-3/filesystem/fuse-3.14.1/build/meson-private/sanitycheckc.exe
C compiler for the host machine: cc (gcc 9.4.0 "cc (Ubuntu 9.4.0-1ubuntu1~20.04.1) 9.4.0")
C linker for the host machine: cc ld.bfd 2.34
Build machine cpu family: x86_64
Build machine cpu: x86_64
Host machine cpu family: x86_64
Host machine cpu: x86_64
Target machine cpu family: x86_64
Target machine cpu: x86_64
Running compile:
Working directory:  /mnt/e/OS2023-Practices/practice-3/filesystem/fuse-3.14.1/build/meson-private/tmp9c3rm_sz
Command line:  cc /mnt/e/OS2023-Practices/practice-3/filesystem/fuse-3.14.1/build/meson-private/tmp9c3rm_sz/testfile.c -o /mnt/e/OS2023-Practices/practice-3/filesystem/fuse-3.14.1/build/meson-private/tmp9c3rm_sz/output.exe -pipe -D_FILE_OFFSET_BITS=64 -O0 -D_GNU_SOURCE 

Code:
 
#include <stdio.h>
#include <stdlib.h>
#include <stddef.h>
#include <unistd.h>
#include <sys/types.h>
#include <sys/stat.h>
#include <fcntl.h>

#include <limits.h>

        #if defined __stub_fork || defined __stub___fork
        fail fail fail this function is not going to work
        #endif
        
int main(void) {
            void *a = (void*) &fork;
            long b = (long) a;
            return (int) b;
        }
Compiler stdout:
 
Compiler stderr:
 
Checking for function "fork" : YES 
Running compile:
Working directory:  /mnt/e/OS2023-Practices/practice-3/filesystem/fuse-3.14.1/build/meson-private/tmpuloub1uy
Command line:  cc /mnt/e/OS2023-Practices/practice-3/filesystem/fuse-3.14.1/build/meson-private/tmpuloub1uy/testfile.c -o /mnt/e/OS2023-Practices/practice-3/filesystem/fuse-3.14.1/build/meson-private/tmpuloub1uy/output.exe -pipe -D_FILE_OFFSET_BITS=64 -O0 -D_GNU_SOURCE 

Code:
 
#include <stdio.h>
#include <stdlib.h>
#include <stddef.h>
#include <unistd.h>
#include <sys/types.h>
#include <sys/stat.h>
#include <fcntl.h>

#include <limits.h>

        #if defined __stub_fstatat || defined __stub___fstatat
        fail fail fail this function is not going to work
        #endif
        
int main(void) {
            void *a = (void*) &fstatat;
            long b = (long) a;
            return (int) b;
        }
Compiler stdout:
 
Compiler stderr:
 
Checking for function "fstatat" : YES 
Running compile:
Working directory:  /mnt/e/OS2023-Practices/practice-3/filesystem/fuse-3.14.1/build/meson-private/tmphfm86pk0
Command line:  cc /mnt/e/OS2023-Practices/practice-3/filesystem/fuse-3.14.1/build/meson-private/tmphfm86pk0/testfile.c -o /mnt/e/OS2023-Practices/practice-3/filesystem/fuse-3.14.1/build/meson-private/tmphfm86pk0/output.exe -pipe -D_FILE_OFFSET_BITS=64 -O0 -D_GNU_SOURCE 

Code:
 
#include <stdio.h>
#include <stdlib.h>
#include <stddef.h>
#include <unistd.h>
#include <sys/types.h>
#include <sys/stat.h>
#include <fcntl.h>

#include <limits.h>

        #if defined __stub_openat || defined __stub___openat
        fail fail fail this function is not going to work
        #endif
        
int main(void) {
            void *a = (void*) &openat;
            long b = (long) a;
            return (int) b;
        }
Compiler stdout:
 
Compiler stderr:
 
Checking for function "openat" : YES 
Running compile:
Working directory:  /mnt/e/OS2023-Practices/practice-3/filesystem/fuse-3.14.1/build/meson-private/tmphi0ojyn5
Command line:  cc /mnt/e/OS2023-Practices/practice-3/filesystem/fuse-3.14.1/build/meson-private/tmphi0ojyn5/testfile.c -o /mnt/e/OS2023-Practices/practice-3/filesystem/fuse-3.14.1/build/meson-private/tmphi0ojyn5/output.exe -pipe -D_FILE_OFFSET_BITS=64 -O0 -D_GNU_SOURCE 

Code:
 
#include <stdio.h>
#include <stdlib.h>
#include <stddef.h>
#include <unistd.h>
#include <sys/types.h>
#include <sys/stat.h>
#include <fcntl.h>

#include <limits.h>

        #if defined __stub_readlinkat || defined __stub___readlinkat
        fail fail fail this function is not going to work
        #endif
        
int main(void) {
            void *a = (void*) &readlinkat;
            long b = (long) a;
            return (int) b;
        }
Compiler stdout:
 
Compiler stderr:
 
Checking for function "readlinkat" : YES 
Running compile:
Working directory:  /mnt/e/OS2023-Practices/practice-3/filesystem/fuse-3.14.1/build/meson-private/tmp9g_6wqro
Command line:  cc /mnt/e/OS2023-Practices/practice-3/filesystem/fuse-3.14.1/build/meson-private/tmp9g_6wqro/testfile.c -o /mnt/e/OS2023-Practices/practice-3/filesystem/fuse-3.14.1/build/meson-private/tmp9g_6wqro/output.exe -pipe -D_FILE_OFFSET_BITS=64 -O0 -D_GNU_SOURCE 

Code:
 
#include <stdio.h>
#include <stdlib.h>
#include <stddef.h>
#include <unistd.h>
#include <sys/types.h>
#include <sys/stat.h>
#include <fcntl.h>

#include <limits.h>

        #if defined __stub_pipe2 || defined __stub___pipe2
        fail fail fail this function is not going to work
        #endif
        
int main(void) {
            void *a = (void*) &pipe2;
            long b = (long) a;
            return (int) b;
        }
Compiler stdout:
 
Compiler stderr:
 
Checking for function "pipe2" : YES 
Running compile:
Working directory:  /mnt/e/OS2023-Practices/practice-3/filesystem/fuse-3.14.1/build/meson-private/tmp1oh_i9hf
Command line:  cc /mnt/e/OS2023-Practices/practice-3/filesystem/fuse-3.14.1/build/meson-private/tmp1oh_i9hf/testfile.c -o /mnt/e/OS2023-Practices/practice-3/filesystem/fuse-3.14.1/build/meson-private/tmp1oh_i9hf/output.exe -pipe -D_FILE_OFFSET_BITS=64 -O0 -D_GNU_SOURCE 

Code:
 
#include <stdio.h>
#include <stdlib.h>
#include <stddef.h>
#include <unistd.h>
#include <sys/types.h>
#include <sys/stat.h>
#include <fcntl.h>

#include <limits.h>

        #if defined __stub_splice || defined __stub___splice
        fail fail fail this function is not going to work
        #endif
        
int main(void) {
            void *a = (void*) &splice;
            long b = (long) a;
            return (int) b;
        }
Compiler stdout:
 
Compiler stderr:
 
Checking for function "splice" : YES 
Running compile:
Working directory:  /mnt/e/OS2023-Practices/practice-3/filesystem/fuse-3.14.1/build/meson-private/tmpt_ql76qm
Command line:  cc /mnt/e/OS2023-Practices/practice-3/filesystem/fuse-3.14.1/build/meson-private/tmpt_ql76qm/testfile.c -o /mnt/e/OS2023-Practices/practice-3/filesystem/fuse-3.14.1/build/meson-private/tmpt_ql76qm/output.exe -pipe -D_FILE_OFFSET_BITS=64 -O0 -D_GNU_SOURCE 

Code:
 
#include <stdio.h>
#include <stdlib.h>
#include <stddef.h>
#include <unistd.h>
#include <sys/types.h>
#include <sys/stat.h>
#include <fcntl.h>

#include <limits.h>

        #if defined __stub_vmsplice || defined __stub___vmsplice
        fail fail fail this function is not going to work
        #endif
        
int main(void) {
            void *a = (void*) &vmsplice;
            long b = (long) a;
            return (int) b;
        }
Compiler stdout:
 
Compiler stderr:
 
Checking for function "vmsplice" : YES 
Running compile:
Working directory:  /mnt/e/OS2023-Practices/practice-3/filesystem/fuse-3.14.1/build/meson-private/tmpht2g85cl
Command line:  cc /mnt/e/OS2023-Practices/practice-3/filesystem/fuse-3.14.1/build/meson-private/tmpht2g85cl/testfile.c -o /mnt/e/OS2023-Practices/practice-3/filesystem/fuse-3.14.1/build/meson-private/tmpht2g85cl/output.exe -pipe -D_FILE_OFFSET_BITS=64 -O0 -D_GNU_SOURCE 

Code:
 
#include <stdio.h>
#include <stdlib.h>
#include <stddef.h>
#include <unistd.h>
#include <sys/types.h>
#include <sys/stat.h>
#include <fcntl.h>

#include <limits.h>

        #if defined __stub_posix_fallocate || defined __stub___posix_fallocate
        fail fail fail this function is not going to work
        #endif
        
int main(void) {
            void *a = (void*) &posix_fallocate;
            long b = (long) a;
            return (int) b;
        }
Compiler stdout:
 
Compiler stderr:
 
Checking for function "posix_fallocate" : YES 
Running compile:
Working directory:  /mnt/e/OS2023-Practices/practice-3/filesystem/fuse-3.14.1/build/meson-private/tmp_s15_bv4
Command line:  cc /mnt/e/OS2023-Practices/practice-3/filesystem/fuse-3.14.1/build/meson-private/tmp_s15_bv4/testfile.c -o /mnt/e/OS2023-Practices/practice-3/filesystem/fuse-3.14.1/build/meson-private/tmp_s15_bv4/output.exe -pipe -D_FILE_OFFSET_BITS=64 -O0 -D_GNU_SOURCE 

Code:
 
#include <stdio.h>
#include <stdlib.h>
#include <stddef.h>
#include <unistd.h>
#include <sys/types.h>
#include <sys/stat.h>
#include <fcntl.h>

#include <limits.h>

        #if defined __stub_fdatasync || defined __stub___fdatasync
        fail fail fail this function is not going to work
        #endif
        
int main(void) {
            void *a = (void*) &fdatasync;
            long b = (long) a;
            return (int) b;
        }
Compiler stdout:
 
Compiler stderr:
 
Checking for function "fdatasync" : YES 
Running compile:
Working directory:  /mnt/e/OS2023-Practices/practice-3/filesystem/fuse-3.14.1/build/meson-private/tmpop096a06
Command line:  cc /mnt/e/OS2023-Practices/practice-3/filesystem/fuse-3.14.1/build/meson-private/tmpop096a06/testfile.c -o /mnt/e/OS2023-Practices/practice-3/filesystem/fuse-3.14.1/build/meson-private/tmpop096a06/output.exe -pipe -D_FILE_OFFSET_BITS=64 -O0 -D_GNU_SOURCE 

Code:
 
#include <stdio.h>
#include <stdlib.h>
#include <stddef.h>
#include <unistd.h>
#include <sys/types.h>
#include <sys/stat.h>
#include <fcntl.h>

#include <limits.h>

        #if defined __stub_utimensat || defined __stub___utimensat
        fail fail fail this function is not going to work
        #endif
        
int main(void) {
            void *a = (void*) &utimensat;
            long b = (long) a;
            return (int) b;
        }
Compiler stdout:
 
Compiler stderr:
 
Checking for function "utimensat" : YES 
Running compile:
Working directory:  /mnt/e/OS2023-Practices/practice-3/filesystem/fuse-3.14.1/build/meson-private/tmpil0tize0
Command line:  cc /mnt/e/OS2023-Practices/practice-3/filesystem/fuse-3.14.1/build/meson-private/tmpil0tize0/testfile.c -o /mnt/e/OS2023-Practices/practice-3/filesystem/fuse-3.14.1/build/meson-private/tmpil0tize0/output.exe -pipe -D_FILE_OFFSET_BITS=64 -O0 -D_GNU_SOURCE 

Code:
 
#include <stdio.h>
#include <stdlib.h>
#include <stddef.h>
#include <unistd.h>
#include <sys/types.h>
#include <sys/stat.h>
#include <fcntl.h>

#include <limits.h>

        #if defined __stub_copy_file_range || defined __stub___copy_file_range
        fail fail fail this function is not going to work
        #endif
        
int main(void) {
            void *a = (void*) &copy_file_range;
            long b = (long) a;
            return (int) b;
        }
Compiler stdout:
 
Compiler stderr:
 
Checking for function "copy_file_range" : YES 
Running compile:
Working directory:  /mnt/e/OS2023-Practices/practice-3/filesystem/fuse-3.14.1/build/meson-private/tmpn1pevkj9
Command line:  cc /mnt/e/OS2023-Practices/practice-3/filesystem/fuse-3.14.1/build/meson-private/tmpn1pevkj9/testfile.c -o /mnt/e/OS2023-Practices/practice-3/filesystem/fuse-3.14.1/build/meson-private/tmpn1pevkj9/output.exe -pipe -D_FILE_OFFSET_BITS=64 -O0 -D_GNU_SOURCE 

Code:
 
#include <stdio.h>
#include <stdlib.h>
#include <stddef.h>
#include <unistd.h>
#include <sys/types.h>
#include <sys/stat.h>
#include <fcntl.h>

#include <limits.h>

        #if defined __stub_fallocate || defined __stub___fallocate
        fail fail fail this function is not going to work
        #endif
        
int main(void) {
            void *a = (void*) &fallocate;
            long b = (long) a;
            return (int) b;
        }
Compiler stdout:
 
Compiler stderr:
 
Checking for function "fallocate" : YES 
Running compile:
Working directory:  /mnt/e/OS2023-Practices/practice-3/filesystem/fuse-3.14.1/build/meson-private/tmpy2_h4sk0
Command line:  cc /mnt/e/OS2023-Practices/practice-3/filesystem/fuse-3.14.1/build/meson-private/tmpy2_h4sk0/testfile.c -o /mnt/e/OS2023-Practices/practice-3/filesystem/fuse-3.14.1/build/meson-private/tmpy2_h4sk0/output.exe -pipe -D_FILE_OFFSET_BITS=64 -O0 

Code:
 #include <sys/xattr.h>
#include <limits.h>

        #if defined __stub_setxattr || defined __stub___setxattr
        fail fail fail this function is not going to work
        #endif
        
int main(void) {
            void *a = (void*) &setxattr;
            long b = (long) a;
            return (int) b;
        }
Compiler stdout:
 
Compiler stderr:
 
Checking for function "setxattr" : YES 
Running compile:
Working directory:  /mnt/e/OS2023-Practices/practice-3/filesystem/fuse-3.14.1/build/meson-private/tmp3bpr159v
Command line:  cc /mnt/e/OS2023-Practices/practice-3/filesystem/fuse-3.14.1/build/meson-private/tmp3bpr159v/testfile.c -o /mnt/e/OS2023-Practices/practice-3/filesystem/fuse-3.14.1/build/meson-private/tmp3bpr159v/output.exe -pipe -D_FILE_OFFSET_BITS=64 -O0 

Code:
 #include <iconv.h>
#include <limits.h>

        #if defined __stub_iconv || defined __stub___iconv
        fail fail fail this function is not going to work
        #endif
        
int main(void) {
            void *a = (void*) &iconv;
            long b = (long) a;
            return (int) b;
        }
Compiler stdout:
 
Compiler stderr:
 
Checking for function "iconv" : YES 
Running compile:
Working directory:  /mnt/e/OS2023-Practices/practice-3/filesystem/fuse-3.14.1/build/meson-private/tmpxvbf8xtb
Command line:  cc /mnt/e/OS2023-Practices/practice-3/filesystem/fuse-3.14.1/build/meson-private/tmpxvbf8xtb/testfile.c -o /mnt/e/OS2023-Practices/practice-3/filesystem/fuse-3.14.1/build/meson-private/tmpxvbf8xtb/output.obj -pipe -c -D_FILE_OFFSET_BITS=64 -O0 -D_GNU_SOURCE 

Code:
 
#include <stdio.h>
#include <stdlib.h>
#include <stddef.h>
#include <unistd.h>
#include <sys/types.h>
#include <sys/stat.h>
#include <fcntl.h>

        void bar(void) {
            struct stat foo;
            foo.st_atim;

        };
Compiler stdout:
 
Compiler stderr:
 
Checking whether type "struct stat" has member "st_atim" : YES 
Running compile:
Working directory:  /mnt/e/OS2023-Practices/practice-3/filesystem/fuse-3.14.1/build/meson-private/tmp6oinmfbd
Command line:  cc /mnt/e/OS2023-Practices/practice-3/filesystem/fuse-3.14.1/build/meson-private/tmp6oinmfbd/testfile.c -o /mnt/e/OS2023-Practices/practice-3/filesystem/fuse-3.14.1/build/meson-private/tmp6oinmfbd/output.obj -pipe -c -D_FILE_OFFSET_BITS=64 -O0 -D_GNU_SOURCE 

Code:
 
#include <stdio.h>
#include <stdlib.h>
#include <stddef.h>
#include <unistd.h>
#include <sys/types.h>
#include <sys/stat.h>
#include <fcntl.h>

        void bar(void) {
            struct stat foo;
            foo.st_atimespec;

        };
Compiler stdout:
 
Compiler stderr:
 /mnt/e/OS2023-Practices/practice-3/filesystem/fuse-3.14.1/build/meson-private/tmp6oinmfbd/testfile.c: In function 'bar':
/mnt/e/OS2023-Practices/practice-3/filesystem/fuse-3.14.1/build/meson-private/tmp6oinmfbd/testfile.c:12:16: error: 'struct stat' has no member named 'st_atimespec'
   12 |             foo.st_atimespec;
      |                ^

Checking whether type "struct stat" has member "st_atimespec" : NO 
Running compile:
Working directory:  /mnt/e/OS2023-Practices/practice-3/filesystem/fuse-3.14.1/build/meson-private/tmpc00l686g
Command line:  cc /mnt/e/OS2023-Practices/practice-3/filesystem/fuse-3.14.1/build/meson-private/tmpc00l686g/testfile.c -o /mnt/e/OS2023-Practices/practice-3/filesystem/fuse-3.14.1/build/meson-private/tmpc00l686g/output.obj -pipe -c -D_FILE_OFFSET_BITS=64 -O0 -O0 -Werror=unused-result 

Code:
 
__attribute__((warn_unused_result)) int get_4() {
    return 4;
}
int main(void) {
    (void) get_4();
    return 0;
}
Compiler stdout:
 
Compiler stderr:
 /mnt/e/OS2023-Practices/practice-3/filesystem/fuse-3.14.1/build/meson-private/tmpc00l686g/testfile.c: In function 'main':
/mnt/e/OS2023-Practices/practice-3/filesystem/fuse-3.14.1/build/meson-private/tmpc00l686g/testfile.c:6:12: error: ignoring return value of 'get_4', declared with attribute warn_unused_result [-Werror=unused-result]
    6 |     (void) get_4();
      |            ^~~~~~~
cc1: some warnings being treated as errors

Message: Compiler warns about unused result even when casting to void
Running compile:
Working directory:  /mnt/e/OS2023-Practices/practice-3/filesystem/fuse-3.14.1/build/meson-private/tmp87ojaa44
Command line:  cc /mnt/e/OS2023-Practices/practice-3/filesystem/fuse-3.14.1/build/meson-private/tmp87ojaa44/testfile.c -o /mnt/e/OS2023-Practices/practice-3/filesystem/fuse-3.14.1/build/meson-private/tmp87ojaa44/output.obj -pipe -c -D_FILE_OFFSET_BITS=64 -O0 -O0 

Code:
 
int main(void) {
#if (defined(__UCLIBC__) || defined(__APPLE__))
#error /* libc does not have versioned symbols */
#endif
    return 0;
}
Compiler stdout:
 
Compiler stderr:
 
Message: Enabling versioned libc symbols
Running compile:
Working directory:  /mnt/e/OS2023-Practices/practice-3/filesystem/fuse-3.14.1/build/meson-private/tmpg_lr47qn
Command line:  cc /mnt/e/OS2023-Practices/practice-3/filesystem/fuse-3.14.1/build/meson-private/tmpg_lr47qn/testfile.c -o /mnt/e/OS2023-Practices/practice-3/filesystem/fuse-3.14.1/build/meson-private/tmpg_lr47qn/output.obj -pipe -c -D_FILE_OFFSET_BITS=64 -O0 -O0 -Werror 

Code:
 
     __attribute__ ((symver ("test@TEST")))
     void foo(void) {
     }

     int main(void) {
         return 0;
     }
Compiler stdout:
 
Compiler stderr:
 /mnt/e/OS2023-Practices/practice-3/filesystem/fuse-3.14.1/build/meson-private/tmpg_lr47qn/testfile.c:3:6: error: 'symver' attribute directive ignored [-Werror=attributes]
    3 |      void foo(void) {
      |      ^~~~
cc1: all warnings being treated as errors

Message: Compiler does not support symver attribute
Configuring fuse_config.h using configuration
Configuring libfuse_config.h using configuration
Run-time dependency threads found: YES
Running compile:
Working directory:  /mnt/e/OS2023-Practices/practice-3/filesystem/fuse-3.14.1/build/meson-private/tmpavawcos7
Command line:  cc /mnt/e/OS2023-Practices/practice-3/filesystem/fuse-3.14.1/build/meson-private/tmpavawcos7/testfile.c -o /mnt/e/OS2023-Practices/practice-3/filesystem/fuse-3.14.1/build/meson-private/tmpavawcos7/output.exe -pipe -D_FILE_OFFSET_BITS=64 -O0 -Wl,--start-group -liconv -Wl,--end-group -Wl,--allow-shlib-undefined 

Code:
 int main(void) { return 0; }
Compiler stdout:
 
Compiler stderr:
 /usr/bin/ld: cannot find -liconv
collect2: error: ld returned 1 exit status

Running compile:
Working directory:  /mnt/e/OS2023-Practices/practice-3/filesystem/fuse-3.14.1/build/meson-private/tmpjdw5db_q
Command line:  cc /mnt/e/OS2023-Practices/practice-3/filesystem/fuse-3.14.1/build/meson-private/tmpjdw5db_q/testfile.c -o /mnt/e/OS2023-Practices/practice-3/filesystem/fuse-3.14.1/build/meson-private/tmpjdw5db_q/output.exe -pipe -D_FILE_OFFSET_BITS=64 -O0 

Code:
 #include<stdio.h>
        
        int main(void) {
            printf("%ld\n", (long)(sizeof(void *)));
            return 0;
        };
Compiler stdout:
 
Compiler stderr:
 
Program stdout:

8

Program stderr:


Running compile:
Working directory:  /mnt/e/OS2023-Practices/practice-3/filesystem/fuse-3.14.1/build/meson-private/tmp7b6j10d8
Command line:  cc /mnt/e/OS2023-Practices/practice-3/filesystem/fuse-3.14.1/build/meson-private/tmp7b6j10d8/testfile.c -o /mnt/e/OS2023-Practices/practice-3/filesystem/fuse-3.14.1/build/meson-private/tmp7b6j10d8/output.obj -pipe -c -D_FILE_OFFSET_BITS=64 -O0 --print-search-dirs 

Code:
 
Compiler stdout:
 install: /usr/lib/gcc/x86_64-linux-gnu/9/
programs: =/usr/lib/gcc/x86_64-linux-gnu/9/:/usr/lib/gcc/x86_64-linux-gnu/9/:/usr/lib/gcc/x86_64-linux-gnu/:/usr/lib/gcc/x86_64-linux-gnu/9/:/usr/lib/gcc/x86_64-linux-gnu/:/usr/lib/gcc/x86_64-linux-gnu/9/../../../../x86_64-linux-gnu/bin/x86_64-linux-gnu/9/:/usr/lib/gcc/x86_64-linux-gnu/9/../../../../x86_64-linux-gnu/bin/x86_64-linux-gnu/:/usr/lib/gcc/x86_64-linux-gnu/9/../../../../x86_64-linux-gnu/bin/
libraries: =/usr/lib/gcc/x86_64-linux-gnu/9/:/usr/lib/gcc/x86_64-linux-gnu/9/../../../../x86_64-linux-gnu/lib/x86_64-linux-gnu/9/:/usr/lib/gcc/x86_64-linux-gnu/9/../../../../x86_64-linux-gnu/lib/x86_64-linux-gnu/:/usr/lib/gcc/x86_64-linux-gnu/9/../../../../x86_64-linux-gnu/lib/../lib/:/usr/lib/gcc/x86_64-linux-gnu/9/../../../x86_64-linux-gnu/9/:/usr/lib/gcc/x86_64-linux-gnu/9/../../../x86_64-linux-gnu/:/usr/lib/gcc/x86_64-linux-gnu/9/../../../../lib/:/lib/x86_64-linux-gnu/9/:/lib/x86_64-linux-gnu/:/lib/../lib/:/usr/lib/x86_64-linux-gnu/9/:/usr/lib/x86_64-linux-gnu/:/usr/lib/../lib/:/usr/lib/gcc/x86_64-linux-gnu/9/../../../../x86_64-linux-gnu/lib/:/usr/lib/gcc/x86_64-linux-gnu/9/../../../:/lib/:/usr/lib/

Compiler stderr:
 
Library iconv found: NO
Running compile:
Working directory:  /mnt/e/OS2023-Practices/practice-3/filesystem/fuse-3.14.1/build/meson-private/tmpk3wf9f2h
Command line:  cc /mnt/e/OS2023-Practices/practice-3/filesystem/fuse-3.14.1/build/meson-private/tmpk3wf9f2h/testfile.c -o /mnt/e/OS2023-Practices/practice-3/filesystem/fuse-3.14.1/build/meson-private/tmpk3wf9f2h/output.exe -pipe -D_FILE_OFFSET_BITS=64 -O0 -Wl,--start-group -ldl -Wl,--end-group -Wl,--allow-shlib-undefined 

Code:
 int main(void) { return 0; }
Compiler stdout:
 
Compiler stderr:
 
Library dl found: YES
Running compile:
Working directory:  /mnt/e/OS2023-Practices/practice-3/filesystem/fuse-3.14.1/build/meson-private/tmpbolka8ac
Command line:  cc /mnt/e/OS2023-Practices/practice-3/filesystem/fuse-3.14.1/build/meson-private/tmpbolka8ac/testfile.c -o /mnt/e/OS2023-Practices/practice-3/filesystem/fuse-3.14.1/build/meson-private/tmpbolka8ac/output.exe -pipe -D_FILE_OFFSET_BITS=64 -O0 -Wl,--start-group -lrt -Wl,--end-group -Wl,--allow-shlib-undefined 

Code:
 int main(void) { return 0; }
Compiler stdout:
 
Compiler stderr:
 
Library rt found: YES
Pkg-config binary for MachineChoice.HOST is not cached.
Pkg-config binary missing from cross or native file, or env var undefined.
Trying a default pkg-config fallback at pkg-config
Trying pkg-config binary pkg-config for machine MachineChoice.HOST at ['/usr/bin/pkg-config']
Found pkg-config: /usr/bin/pkg-config (0.29.1)
Determining dependency 'udev' with pkg-config executable '/usr/bin/pkg-config'
PKG_CONFIG_PATH: 
Called `/usr/bin/pkg-config --modversion udev` -> 0
245
PKG_CONFIG_PATH: 
Called `/usr/bin/pkg-config --cflags udev` -> 0

PKG_CONFIG_PATH: 
Called `/usr/bin/pkg-config udev --libs` -> 0

PKG_CONFIG_PATH: 
Called `/usr/bin/pkg-config udev --libs` -> 0

Run-time dependency udev found: YES 245
PKG_CONFIG_PATH: 
Called `/usr/bin/pkg-config --variable=udevdir udev` -> 0
/lib/udev
Got pkgconfig variable udevdir : /lib/udev
Program install_helper.sh found: YES (/mnt/e/OS2023-Practices/practice-3/filesystem/fuse-3.14.1/util/install_helper.sh)
No CXXFLAGS in the environment, not changing global flags.
No LDFLAGS in the environment, not changing global flags.
No CPPFLAGS in the environment, not changing global flags.
Sanity testing C++ compiler: c++
Is cross compiler: False.
Sanity check compiler command line: c++ /mnt/e/OS2023-Practices/practice-3/filesystem/fuse-3.14.1/build/meson-private/sanitycheckcpp.cc -o /mnt/e/OS2023-Practices/practice-3/filesystem/fuse-3.14.1/build/meson-private/sanitycheckcpp.exe -pipe -D_FILE_OFFSET_BITS=64
Sanity check compile stdout:

-----
Sanity check compile stderr:

-----
Running test binary command: /mnt/e/OS2023-Practices/practice-3/filesystem/fuse-3.14.1/build/meson-private/sanitycheckcpp.exe
C++ compiler for the build machine: c++ (gcc 9.4.0 "c++ (Ubuntu 9.4.0-1ubuntu1~20.04.1) 9.4.0")
C++ linker for the build machine: c++ ld.bfd 2.34
No CXXFLAGS in the environment, not changing global flags.
No LDFLAGS in the environment, not changing global flags.
No CPPFLAGS in the environment, not changing global flags.
Sanity testing C++ compiler: c++
Is cross compiler: False.
Sanity check compiler command line: c++ /mnt/e/OS2023-Practices/practice-3/filesystem/fuse-3.14.1/build/meson-private/sanitycheckcpp.cc -o /mnt/e/OS2023-Practices/practice-3/filesystem/fuse-3.14.1/build/meson-private/sanitycheckcpp.exe -pipe -D_FILE_OFFSET_BITS=64
Sanity check compile stdout:

-----
Sanity check compile stderr:

-----
Running test binary command: /mnt/e/OS2023-Practices/practice-3/filesystem/fuse-3.14.1/build/meson-private/sanitycheckcpp.exe
C++ compiler for the host machine: c++ (gcc 9.4.0 "c++ (Ubuntu 9.4.0-1ubuntu1~20.04.1) 9.4.0")
C++ linker for the host machine: c++ ld.bfd 2.34
Adding test "wrong_command"
Build targets in project: 28

Found ninja-1.10.0 at /usr/bin/ninja
Running compile:
Working directory:  /tmp/tmpcglvz9nn
Command line:  c++ /tmp/tmpcglvz9nn/testfile.cpp -o /tmp/tmpcglvz9nn/output.obj -pipe -D_FILE_OFFSET_BITS=64 -c -std=c++11 

Code:
 int i = static_cast<int>(0);
Compiler stdout:
 
Compiler stderr:
 
Compiler accepts -std=c++11: YES
Running compile:
Working directory:  /mnt/e/OS2023-Practices/practice-3/filesystem/fuse-3.14.1/build/meson-private/tmpsqyk54qb
Command line:  c++ /mnt/e/OS2023-Practices/practice-3/filesystem/fuse-3.14.1/build/meson-private/tmpsqyk54qb/testfile.cpp -o /mnt/e/OS2023-Practices/practice-3/filesystem/fuse-3.14.1/build/meson-private/tmpsqyk54qb/output.obj -pipe -c -D_FILE_OFFSET_BITS=64 -O0 -fpermissive --print-search-dirs 

Code:
 
Compiler stdout:
 install: /usr/lib/gcc/x86_64-linux-gnu/9/
programs: =/usr/lib/gcc/x86_64-linux-gnu/9/:/usr/lib/gcc/x86_64-linux-gnu/9/:/usr/lib/gcc/x86_64-linux-gnu/:/usr/lib/gcc/x86_64-linux-gnu/9/:/usr/lib/gcc/x86_64-linux-gnu/:/usr/lib/gcc/x86_64-linux-gnu/9/../../../../x86_64-linux-gnu/bin/x86_64-linux-gnu/9/:/usr/lib/gcc/x86_64-linux-gnu/9/../../../../x86_64-linux-gnu/bin/x86_64-linux-gnu/:/usr/lib/gcc/x86_64-linux-gnu/9/../../../../x86_64-linux-gnu/bin/
libraries: =/usr/lib/gcc/x86_64-linux-gnu/9/:/usr/lib/gcc/x86_64-linux-gnu/9/../../../../x86_64-linux-gnu/lib/x86_64-linux-gnu/9/:/usr/lib/gcc/x86_64-linux-gnu/9/../../../../x86_64-linux-gnu/lib/x86_64-linux-gnu/:/usr/lib/gcc/x86_64-linux-gnu/9/../../../../x86_64-linux-gnu/lib/../lib/:/usr/lib/gcc/x86_64-linux-gnu/9/../../../x86_64-linux-gnu/9/:/usr/lib/gcc/x86_64-linux-gnu/9/../../../x86_64-linux-gnu/:/usr/lib/gcc/x86_64-linux-gnu/9/../../../../lib/:/lib/x86_64-linux-gnu/9/:/lib/x86_64-linux-gnu/:/lib/../lib/:/usr/lib/x86_64-linux-gnu/9/:/usr/lib/x86_64-linux-gnu/:/usr/lib/../lib/:/usr/lib/gcc/x86_64-linux-gnu/9/../../../../x86_64-linux-gnu/lib/:/usr/lib/gcc/x86_64-linux-gnu/9/../../../:/lib/:/usr/lib/

Compiler stderr:
 
